
2024-04-01T10:14:50.439Z - GET /api/usermongodb
2024-04-01T10:14:51.617Z - GET /api/usermongodb
2024-04-01T10:16:33.361Z: Server is running on port 3001
2024-04-01T10:16:40.029Z: Server is running on port 3001
2024-04-01T10:17:10.434Z: Server is running on port 3001
2024-04-02T06:15:05.125Z: Server is running on port 3001
2024-04-02T06:17:16.498Z: Server is running on port 3001
2024-04-02T06:17:19.107Z: Server is running on port 3001
2024-04-02T06:17:40.219Z: Server is running on port 3001
2024-04-02T06:18:12.911Z: Server is running on port 3001
2024-04-02T06:18:29.750Z: Server is running on port 3001
2024-04-02T06:18:59.773Z: Server is running on port 3001
2024-04-02T06:19:18.853Z: Server is running on port 3001
2024-04-02T06:19:21.801Z - GET /api/usermongodb
2024-04-02T06:19:22.398Z - GET /api/usermongodb
2024-04-02T06:22:22.027Z: Server is running on port 3001
2024-04-02T06:22:30.832Z: Server is running on port 3001
2024-04-02T06:23:59.939Z: Server is running on port 3001
2024-04-02T06:25:40.949Z: Server is running on port 3001
2024-04-02T06:26:22.180Z: Server is running on port 3001
2024-04-02T06:26:36.249Z: Server is running on port 3001
2024-04-02T06:26:49.471Z: Server is running on port 3001
2024-04-02T06:27:03.391Z: Server is running on port 3001
2024-04-02T06:27:14.794Z: Server is running on port 3001
2024-04-02T06:28:57.616Z: Server is running on port 3001
2024-04-02T06:29:23.569Z: Server is running on port 3001
2024-04-02T06:29:50.120Z: Server is running on port 3001
2024-04-02T06:30:18.859Z: Server is running on port 3001
2024-04-02T06:33:41.119Z: Server is running on port 3001
2024-04-02T06:56:54.246Z - GET /api/usermongodb
2024-04-02T06:56:54.255Z - GET /api/usermongodb
2024-04-02T07:02:16.772Z - GET /api/usermongodb
2024-04-02T07:02:16.783Z - GET /api/usermongodb
2024-04-02T07:06:34.255Z - GET //api/user
2024-04-02T07:06:38.249Z - GET /api/user
2024-04-02T07:06:39.298Z - GET /api/user
2024-04-02T07:09:57.967Z - POST /send-otp
2024-04-02T07:09:59.237Z - POST /send-otp
2024-04-02T07:10:31.353Z - POST /send-otp
2024-04-02T07:11:39.138Z - POST /send-otp
2024-04-02T07:19:08.949Z - GET /api/user
2024-04-02T07:21:57.734Z - POST /send-otp
2024-04-02T07:22:02.600Z - GET /api/user
2024-04-02T07:22:02.604Z - GET /api/user
2024-04-02T15:17:04.858Z - GET /api/users
2024-04-02T15:17:05.633Z - GET /api/users
2024-04-02T15:21:11.154Z - POST /api/send-otp
2024-04-02T15:21:25.127Z - POST /api/send-otp
2024-04-02T15:22:39.136Z - POST /api/send-otp
2024-04-02T15:23:42.637Z - POST /api/send-otp
2024-04-02T15:24:08.136Z - POST /send-otp
2024-04-02T15:24:47.013Z - POST /api/register
2024-04-02T15:24:50.660Z - GET /api/users
2024-04-02T15:24:51.780Z - GET /api/users
2024-04-02T15:24:55.403Z - GET /api/users
2024-04-02T15:24:55.950Z - GET /api/users
2024-04-02T15:25:27.719Z - GET /api/users
2024-04-02T15:25:28.314Z - GET /favicon.ico
2024-04-02T15:50:27.489Z - GET /api/users
2024-04-02T15:50:28.107Z - GET /api/users
2024-04-02T15:50:42.767Z - GET /api/users
2024-04-02T15:50:43.322Z - GET /api/users
2024-04-02T15:54:34.852Z - POST /send-otp
2024-04-02T15:56:36.129Z - POST /send-otp
2024-04-03T04:22:25.717Z - GET /api/users
2024-04-03T04:22:26.773Z - GET /api/users
2024-04-03T04:47:40.568Z - GET /api/users
2024-04-03T04:47:42.024Z - GET /api/users
2024-04-03T04:56:55.932Z - GET /api/users
2024-04-03T04:56:57.000Z - GET /api/users
2024-04-03T05:03:15.956Z - GET /api/users
2024-04-03T05:03:17.260Z - GET /api/users
2024-04-03T05:03:17.924Z - GET /api/users
2024-04-03T05:09:43.397Z - GET /api/users
2024-04-03T05:09:57.271Z - GET /api/users
2024-04-03T05:10:32.305Z - GET /api/users
2024-04-03T05:10:33.014Z - GET /api/users
2024-04-03T05:10:55.265Z - GET /api/users
2024-04-03T05:11:13.467Z - GET /api/users
2024-04-03T05:11:36.838Z - GET /api/users
2024-04-03T05:12:03.273Z - GET /api/users
2024-04-03T05:12:49.267Z - GET /api/users
2024-04-03T05:12:52.274Z - GET /api/users
2024-04-03T05:12:53.353Z - GET /api/users
2024-04-03T05:13:00.248Z - GET /api/users
2024-04-03T05:13:09.053Z - GET /api/users
2024-04-03T05:13:11.384Z - GET /api/users
2024-04-03T05:13:12.141Z - GET /api/users
2024-04-03T05:15:10.538Z - GET /api/users
2024-04-03T05:15:59.632Z - GET /api/users
2024-04-03T05:16:03.266Z - GET /api/users
2024-04-03T05:16:20.336Z - GET /api/users
2024-04-03T05:16:27.151Z - GET /api/users
2024-04-03T05:16:28.348Z - GET /api/users
2024-04-03T05:16:29.997Z - GET /api/users
2024-04-03T05:40:40.639Z - GET /api/users
2024-04-03T05:40:42.343Z - GET /api/users
2024-04-03T06:06:02.681Z - GET /api/users
2024-04-03T06:06:03.377Z - GET /api/users
2024-04-03T06:07:46.682Z - GET /api/users
2024-04-03T06:07:48.236Z - GET /api/users
2024-04-03T06:07:53.734Z - GET /api/users
2024-04-03T06:07:54.410Z - GET /api/users
2024-04-03T06:08:41.060Z - GET /api/users
2024-04-03T06:08:41.696Z - GET /api/users
2024-04-03T07:24:26.620Z - GET /api/users
2024-04-03T07:24:27.314Z - GET /api/users
2024-04-03T07:25:33.578Z - GET /api/users
2024-04-03T07:25:34.528Z - GET /api/users
2024-04-03T07:42:29.502Z - GET /api/users
2024-04-03T07:42:30.360Z - GET /favicon.ico
2024-04-03T07:42:46.118Z - GET /api/users
2024-04-03T08:49:41.057Z - GET /api/users
2024-04-03T08:49:41.838Z - GET /api/users
2024-04-03T08:49:47.845Z - GET /api/users
2024-04-03T08:49:48.447Z - GET /api/users
2024-04-03T08:49:56.253Z - GET /api/users
2024-04-03T08:49:57.008Z - GET /api/users
2024-04-03T08:52:25.788Z - GET /api/users
2024-04-03T08:52:26.655Z - GET /api/users
2024-04-03T08:52:56.142Z - GET /api/users
2024-04-03T08:52:56.865Z - GET /api/users
